<?xml version="1.0" encoding="UTF-8"?>
<testng-results skipped="0" failed="0" total="2" passed="2">
  <reporter-output>
  </reporter-output>
  <suite name="Command line suite" duration-ms="29336" started-at="2018-03-15T10:02:20Z" finished-at="2018-03-15T10:02:49Z">
    <groups>
      <group name="T1">
        <method signature="LoginTest.loginTest(java.lang.String, java.lang.String)[pri:0, instance:com.hotline.tests.LoginTest@6537cf78]" name="loginTest" class="com.hotline.tests.LoginTest"/>
      </group> <!-- T1 -->
      <group name="T3">
        <method signature="SignUpTest.signUpTest(java.lang.String, java.lang.String, java.lang.String)[pri:0, instance:com.hotline.tests.SignUpTest@67b6d4ae]" name="signUpTest" class="com.hotline.tests.SignUpTest"/>
      </group> <!-- T3 -->
    </groups>
    <test name="Command line test" duration-ms="29336" started-at="2018-03-15T10:02:20Z" finished-at="2018-03-15T10:02:49Z">
      <class name="com.hotline.tests.SignUpTest">
        <test-method status="PASS" signature="setup()[pri:0, instance:com.hotline.tests.SignUpTest@67b6d4ae]" name="setup" is-config="true" duration-ms="4565" started-at="2018-03-15T12:02:34Z" finished-at="2018-03-15T12:02:38Z">
          <reporter-output>
          </reporter-output>
        </test-method> <!-- setup -->
        <test-method status="PASS" signature="signUpTest(java.lang.String, java.lang.String, java.lang.String)[pri:0, instance:com.hotline.tests.SignUpTest@67b6d4ae]" name="signUpTest" duration-ms="9948" started-at="2018-03-15T12:02:38Z" data-provider="registration" finished-at="2018-03-15T12:02:48Z">
          <params>
            <param index="0">
              <value>
                <![CDATA[oxlhlzypzmtdfem@gmail.com]]>
              </value>
            </param>
            <param index="1">
              <value>
                <![CDATA[lefgqdaxlutbxxs]]>
              </value>
            </param>
            <param index="2">
              <value>
                <![CDATA[ivtmgjaytohvjic]]>
              </value>
            </param>
          </params>
          <reporter-output>
          </reporter-output>
        </test-method> <!-- signUpTest -->
        <test-method status="PASS" signature="teardown()[pri:0, instance:com.hotline.tests.SignUpTest@67b6d4ae]" name="teardown" is-config="true" duration-ms="710" started-at="2018-03-15T12:02:48Z" finished-at="2018-03-15T12:02:49Z">
          <reporter-output>
          </reporter-output>
        </test-method> <!-- teardown -->
      </class> <!-- com.hotline.tests.SignUpTest -->
      <class name="com.hotline.tests.LoginTest">
        <test-method status="PASS" signature="setup()[pri:0, instance:com.hotline.tests.LoginTest@6537cf78]" name="setup" is-config="true" duration-ms="4772" started-at="2018-03-15T12:02:20Z" finished-at="2018-03-15T12:02:24Z">
          <reporter-output>
          </reporter-output>
        </test-method> <!-- setup -->
        <test-method status="PASS" signature="loginTest(java.lang.String, java.lang.String)[pri:0, instance:com.hotline.tests.LoginTest@6537cf78]" name="loginTest" duration-ms="8628" started-at="2018-03-15T12:02:24Z" data-provider="login" finished-at="2018-03-15T12:02:33Z">
          <params>
            <param index="0">
              <value>
                <![CDATA[mr.auto.qa@gmail.com]]>
              </value>
            </param>
            <param index="1">
              <value>
                <![CDATA[mrautoqa12345]]>
              </value>
            </param>
          </params>
          <reporter-output>
          </reporter-output>
        </test-method> <!-- loginTest -->
        <test-method status="PASS" signature="teardown()[pri:0, instance:com.hotline.tests.LoginTest@6537cf78]" name="teardown" is-config="true" duration-ms="701" started-at="2018-03-15T12:02:33Z" finished-at="2018-03-15T12:02:34Z">
          <reporter-output>
          </reporter-output>
        </test-method> <!-- teardown -->
      </class> <!-- com.hotline.tests.LoginTest -->
    </test> <!-- Command line test -->
  </suite> <!-- Command line suite -->
</testng-results>
